 Frame            1
    Nº molecules per Cluster Number of clusters   Probability
    1                        86                   0.70491803
    2                        27                   0.22131148
    3                         7                   0.05737705
    4                         1                   0.00819672
    6                         1                   0.00819672

 Mean size of clusters in this frame    1.4016393442622952     


 Frame            2
    Nº molecules per Cluster Number of clusters   Probability
    1                        61                   0.59803922
    2                        24                   0.23529412
    3                        12                   0.11764706
    4                         2                   0.01960784
    5                         2                   0.01960784
    8                         1                   0.00980392

 Mean size of clusters in this frame    1.6764705882352939     


 Frame            3
    Nº molecules per Cluster Number of clusters   Probability
    1                        41                   0.48809524
    2                        21                   0.25000000
    3                        12                   0.14285714
    4                         5                   0.05952381
    5                         2                   0.02380952
    6                         2                   0.02380952
   10                         1                   0.01190476

 Mean size of clusters in this frame    2.0357142857142856     


 Frame            4
    Nº molecules per Cluster Number of clusters   Probability
    1                        34                   0.44736842
    2                        18                   0.23684211
    3                        10                   0.13157895
    4                         8                   0.10526316
    5                         3                   0.03947368
    6                         1                   0.01315789
    8                         1                   0.01315789
   10                         1                   0.01315789

 Mean size of clusters in this frame    2.2500000000000000     


 Frame            5
    Nº molecules per Cluster Number of clusters   Probability
    1                        28                   0.40579710
    2                        16                   0.23188406
    3                         9                   0.13043478
    4                         7                   0.10144928
    5                         6                   0.08695652
    7                         1                   0.01449275
    9                         1                   0.01449275
   10                         1                   0.01449275

 Mean size of clusters in this frame    2.4782608695652177     


 Frame            6
    Nº molecules per Cluster Number of clusters   Probability
    1                        25                   0.39682540
    2                        12                   0.19047619
    3                         9                   0.14285714
    4                         7                   0.11111111
    5                         6                   0.09523810
    7                         1                   0.01587302
    9                         1                   0.01587302
   10                         1                   0.01587302
   11                         1                   0.01587302

 Mean size of clusters in this frame    2.7142857142857140     


 Frame            7
    Nº molecules per Cluster Number of clusters   Probability
    1                        23                   0.38333333
    2                        11                   0.18333333
    3                         9                   0.15000000
    4                         7                   0.11666667
    5                         5                   0.08333333
    7                         1                   0.01666667
    9                         2                   0.03333333
   10                         1                   0.01666667
   11                         1                   0.01666667

 Mean size of clusters in this frame    2.8499999999999992     


 Frame            8
    Nº molecules per Cluster Number of clusters   Probability
    1                        21                   0.36206897
    2                        10                   0.17241379
    3                         8                   0.13793103
    4                         9                   0.15517241
    5                         5                   0.08620690
    7                         1                   0.01724138
    8                         2                   0.03448276
   10                         1                   0.01724138
   12                         1                   0.01724138

 Mean size of clusters in this frame    2.9482758620689653     


 Frame            9
    Nº molecules per Cluster Number of clusters   Probability
    1                        14                   0.26415094
    2                        11                   0.20754717
    3                         8                   0.15094340
    4                         8                   0.15094340
    5                         6                   0.11320755
    7                         2                   0.03773585
    8                         2                   0.03773585
    9                         1                   0.01886792
   10                         1                   0.01886792

 Mean size of clusters in this frame    3.2264150943396226     


 Frame           10
    Nº molecules per Cluster Number of clusters   Probability
    1                        13                   0.27083333
    2                        10                   0.20833333
    3                         7                   0.14583333
    4                         5                   0.10416667
    5                         4                   0.08333333
    7                         3                   0.06250000
    8                         2                   0.04166667
    9                         1                   0.02083333
   10                         2                   0.04166667
   11                         1                   0.02083333

 Mean size of clusters in this frame    3.5625000000000000     


 Frame           11
    Nº molecules per Cluster Number of clusters   Probability
    1                        13                   0.27083333
    2                        10                   0.20833333
    3                         9                   0.18750000
    4                         5                   0.10416667
    5                         2                   0.04166667
    7                         2                   0.04166667
    8                         2                   0.04166667
    9                         2                   0.04166667
   10                         1                   0.02083333
   11                         1                   0.02083333
   12                         1                   0.02083333

 Mean size of clusters in this frame    3.5625000000000000     


 Frame           12
    Nº molecules per Cluster Number of clusters   Probability
    1                        11                   0.26829268
    2                         6                   0.14634146
    3                         8                   0.19512195
    4                         3                   0.07317073
    5                         2                   0.04878049
    7                         1                   0.02439024
    8                         2                   0.04878049
    9                         3                   0.07317073
   10                         3                   0.07317073
   11                         2                   0.04878049

 Mean size of clusters in this frame    4.1707317073170724     


 Frame           13
    Nº molecules per Cluster Number of clusters   Probability
    1                         9                   0.22500000
    2                         7                   0.17500000
    3                         7                   0.17500000
    4                         4                   0.10000000
    5                         2                   0.05000000
    6                         1                   0.02500000
    7                         2                   0.05000000
    8                         2                   0.05000000
    9                         1                   0.02500000
   10                         3                   0.07500000
   12                         1                   0.02500000
   14                         1                   0.02500000

 Mean size of clusters in this frame    4.2749999999999995     


 Frame           14
    Nº molecules per Cluster Number of clusters   Probability
    1                         7                   0.17948718
    2                         7                   0.17948718
    3                         6                   0.15384615
    4                         4                   0.10256410
    5                         5                   0.12820513
    6                         1                   0.02564103
    7                         2                   0.05128205
    8                         2                   0.05128205
    9                         1                   0.02564103
   10                         2                   0.05128205
   12                         1                   0.02564103
   14                         1                   0.02564103

 Mean size of clusters in this frame    4.3846153846153841     


 Frame           15
    Nº molecules per Cluster Number of clusters   Probability
    1                         6                   0.17647059
    2                         3                   0.08823529
    3                         5                   0.14705882
    4                         5                   0.14705882
    5                         5                   0.14705882
    6                         1                   0.02941176
    7                         1                   0.02941176
    8                         3                   0.08823529
    9                         1                   0.02941176
   10                         1                   0.02941176
   12                         2                   0.05882353
   19                         1                   0.02941176

 Mean size of clusters in this frame    5.0294117647058822     


 Frame           16
    Nº molecules per Cluster Number of clusters   Probability
    1                         5                   0.16129032
    2                         3                   0.09677419
    3                         5                   0.16129032
    4                         5                   0.16129032
    5                         3                   0.09677419
    6                         1                   0.03225806
    7                         1                   0.03225806
    8                         3                   0.09677419
    9                         1                   0.03225806
   10                         1                   0.03225806
   12                         1                   0.03225806
   19                         1                   0.03225806
   23                         1                   0.03225806

 Mean size of clusters in this frame    5.5161290322580649     


 Frame           17
    Nº molecules per Cluster Number of clusters   Probability
    1                         6                   0.20689655
    2                         2                   0.06896552
    3                         4                   0.13793103
    4                         4                   0.13793103
    5                         3                   0.10344828
    6                         1                   0.03448276
    7                         1                   0.03448276
    8                         3                   0.10344828
    9                         2                   0.06896552
   11                         1                   0.03448276
   23                         1                   0.03448276
   29                         1                   0.03448276

 Mean size of clusters in this frame    5.8965517241379306     


 Frame           18
    Nº molecules per Cluster Number of clusters   Probability
    1                         5                   0.18518519
    2                         2                   0.07407407
    3                         4                   0.14814815
    4                         4                   0.14814815
    5                         2                   0.07407407
    6                         1                   0.03703704
    7                         1                   0.03703704
    8                         3                   0.11111111
    9                         1                   0.03703704
   10                         1                   0.03703704
   11                         1                   0.03703704
   28                         1                   0.03703704
   29                         1                   0.03703704

 Mean size of clusters in this frame    6.3333333333333321     


 Frame           19
    Nº molecules per Cluster Number of clusters   Probability
    1                         5                   0.19230769
    2                         1                   0.03846154
    3                         4                   0.15384615
    4                         4                   0.15384615
    5                         3                   0.11538462
    6                         1                   0.03846154
    8                         3                   0.11538462
   10                         1                   0.03846154
   13                         1                   0.03846154
   16                         1                   0.03846154
   23                         1                   0.03846154
   29                         1                   0.03846154

 Mean size of clusters in this frame    6.5769230769230784     


 Frame           20
    Nº molecules per Cluster Number of clusters   Probability
    1                         5                   0.19230769
    2                         1                   0.03846154
    3                         4                   0.15384615
    4                         4                   0.15384615
    5                         3                   0.11538462
    6                         1                   0.03846154
    8                         3                   0.11538462
   10                         1                   0.03846154
   13                         1                   0.03846154
   16                         1                   0.03846154
   23                         1                   0.03846154
   29                         1                   0.03846154

 Mean size of clusters in this frame    6.5769230769230784     


 Frame           21
    Nº molecules per Cluster Number of clusters   Probability
    1                         4                   0.16666667
    2                         1                   0.04166667
    3                         3                   0.12500000
    4                         3                   0.12500000
    5                         3                   0.12500000
    6                         1                   0.04166667
    8                         3                   0.12500000
    9                         1                   0.04166667
   10                         1                   0.04166667
   11                         1                   0.04166667
   13                         1                   0.04166667
   27                         1                   0.04166667
   29                         1                   0.04166667

 Mean size of clusters in this frame    7.1250000000000000     


 Frame           22
    Nº molecules per Cluster Number of clusters   Probability
    1                         5                   0.20833333
    2                         1                   0.04166667
    3                         3                   0.12500000
    4                         4                   0.16666667
    5                         3                   0.12500000
    6                         1                   0.04166667
    7                         1                   0.04166667
    8                         1                   0.04166667
    9                         1                   0.04166667
   13                         1                   0.04166667
   18                         1                   0.04166667
   26                         1                   0.04166667
   37                         1                   0.04166667

 Mean size of clusters in this frame    7.1250000000000000     


 Frame           23
    Nº molecules per Cluster Number of clusters   Probability
    1                         5                   0.18518519
    2                         1                   0.03703704
    3                         3                   0.11111111
    4                         4                   0.14814815
    5                         3                   0.11111111
    6                         1                   0.03703704
    7                         2                   0.07407407
    8                         3                   0.11111111
    9                         1                   0.03703704
   10                         1                   0.03703704
   13                         1                   0.03703704
   22                         1                   0.03703704
   26                         1                   0.03703704

 Mean size of clusters in this frame    6.3333333333333339     


 Frame           24
    Nº molecules per Cluster Number of clusters   Probability
    1                         5                   0.19230769
    2                         1                   0.03846154
    3                         3                   0.11538462
    4                         4                   0.15384615
    5                         3                   0.11538462
    6                         1                   0.03846154
    7                         1                   0.03846154
    8                         3                   0.11538462
    9                         1                   0.03846154
   10                         1                   0.03846154
   13                         1                   0.03846154
   26                         1                   0.03846154
   29                         1                   0.03846154

 Mean size of clusters in this frame    6.5769230769230766     


 Frame           25
    Nº molecules per Cluster Number of clusters   Probability
    1                         4                   0.17391304
    2                         1                   0.04347826
    3                         3                   0.13043478
    4                         3                   0.13043478
    5                         3                   0.13043478
    8                         3                   0.13043478
   10                         2                   0.08695652
   13                         1                   0.04347826
   17                         1                   0.04347826
   26                         1                   0.04347826
   29                         1                   0.04347826

 Mean size of clusters in this frame    7.4347826086956514     


 Frame           26
    Nº molecules per Cluster Number of clusters   Probability
    1                         4                   0.16666667
    2                         1                   0.04166667
    3                         2                   0.08333333
    4                         4                   0.16666667
    5                         3                   0.12500000
    6                         1                   0.04166667
    8                         3                   0.12500000
   10                         2                   0.08333333
   13                         1                   0.04166667
   17                         1                   0.04166667
   22                         1                   0.04166667
   26                         1                   0.04166667

 Mean size of clusters in this frame    7.1250000000000000     


 Frame           27
    Nº molecules per Cluster Number of clusters   Probability
    1                         4                   0.16666667
    2                         1                   0.04166667
    3                         2                   0.08333333
    4                         4                   0.16666667
    5                         3                   0.12500000
    6                         2                   0.08333333
    8                         3                   0.12500000
   10                         1                   0.04166667
   13                         1                   0.04166667
   17                         1                   0.04166667
   20                         1                   0.04166667
   32                         1                   0.04166667

 Mean size of clusters in this frame    7.1249999999999991     


 Frame           28
    Nº molecules per Cluster Number of clusters   Probability
    1                         4                   0.16666667
    2                         1                   0.04166667
    3                         2                   0.08333333
    4                         5                   0.20833333
    5                         3                   0.12500000
    6                         2                   0.08333333
    7                         1                   0.04166667
    8                         1                   0.04166667
   10                         2                   0.08333333
   13                         1                   0.04166667
   16                         1                   0.04166667
   48                         1                   0.04166667

 Mean size of clusters in this frame    7.1250000000000009     


 Frame           29
    Nº molecules per Cluster Number of clusters   Probability
    1                         3                   0.13043478
    2                         1                   0.04347826
    3                         2                   0.08695652
    4                         5                   0.21739130
    5                         3                   0.13043478
    6                         2                   0.08695652
    8                         2                   0.08695652
   10                         1                   0.04347826
   13                         1                   0.04347826
   16                         1                   0.04347826
   17                         1                   0.04347826
   41                         1                   0.04347826

 Mean size of clusters in this frame    7.4347826086956514     


 Frame           30
    Nº molecules per Cluster Number of clusters   Probability
    1                         3                   0.13043478
    2                         1                   0.04347826
    3                         2                   0.08695652
    4                         5                   0.21739130
    5                         3                   0.13043478
    6                         2                   0.08695652
    8                         2                   0.08695652
   10                         1                   0.04347826
   13                         1                   0.04347826
   16                         1                   0.04347826
   17                         1                   0.04347826
   41                         1                   0.04347826

 Mean size of clusters in this frame    7.4347826086956514     


 Frame           31
    Nº molecules per Cluster Number of clusters   Probability
    1                         4                   0.16000000
    2                         1                   0.04000000
    3                         2                   0.08000000
    4                         6                   0.24000000
    5                         3                   0.12000000
    6                         2                   0.08000000
    8                         2                   0.08000000
   10                         1                   0.04000000
   13                         1                   0.04000000
   16                         2                   0.08000000
   37                         1                   0.04000000

 Mean size of clusters in this frame    6.8399999999999999     


 Frame           32
    Nº molecules per Cluster Number of clusters   Probability
    1                         4                   0.16000000
    2                         1                   0.04000000
    3                         2                   0.08000000
    4                         6                   0.24000000
    5                         3                   0.12000000
    6                         2                   0.08000000
    8                         2                   0.08000000
   10                         1                   0.04000000
   13                         1                   0.04000000
   16                         2                   0.08000000
   37                         1                   0.04000000

 Mean size of clusters in this frame    6.8399999999999999     


 Frame           33
    Nº molecules per Cluster Number of clusters   Probability
    1                         4                   0.16000000
    2                         1                   0.04000000
    3                         2                   0.08000000
    4                         6                   0.24000000
    5                         3                   0.12000000
    6                         2                   0.08000000
    8                         2                   0.08000000
   10                         1                   0.04000000
   13                         1                   0.04000000
   16                         2                   0.08000000
   37                         1                   0.04000000

 Mean size of clusters in this frame    6.8399999999999999     


 Frame           34
    Nº molecules per Cluster Number of clusters   Probability
    1                         3                   0.13043478
    2                         1                   0.04347826
    3                         2                   0.08695652
    4                         5                   0.21739130
    5                         2                   0.08695652
    6                         2                   0.08695652
    8                         2                   0.08695652
   10                         1                   0.04347826
   12                         1                   0.04347826
   13                         1                   0.04347826
   16                         1                   0.04347826
   21                         1                   0.04347826
   30                         1                   0.04347826

 Mean size of clusters in this frame    7.4347826086956523     


 Frame           35
    Nº molecules per Cluster Number of clusters   Probability
    1                         1                   0.04761905
    2                         1                   0.04761905
    3                         2                   0.09523810
    4                         4                   0.19047619
    5                         3                   0.14285714
    6                         2                   0.09523810
    8                         2                   0.09523810
   10                         1                   0.04761905
   12                         1                   0.04761905
   13                         1                   0.04761905
   16                         1                   0.04761905
   17                         1                   0.04761905
   35                         1                   0.04761905

 Mean size of clusters in this frame    8.1428571428571423     


 Frame           36
    Nº molecules per Cluster Number of clusters   Probability
    1                         3                   0.13043478
    2                         1                   0.04347826
    3                         2                   0.08695652
    4                         4                   0.17391304
    5                         3                   0.13043478
    6                         2                   0.08695652
    7                         1                   0.04347826
    8                         1                   0.04347826
   10                         1                   0.04347826
   12                         1                   0.04347826
   13                         1                   0.04347826
   16                         1                   0.04347826
   17                         1                   0.04347826
   34                         1                   0.04347826

 Mean size of clusters in this frame    7.4347826086956523     


 Frame           37
    Nº molecules per Cluster Number of clusters   Probability
    1                         3                   0.13043478
    2                         1                   0.04347826
    3                         2                   0.08695652
    4                         4                   0.17391304
    5                         3                   0.13043478
    6                         2                   0.08695652
    7                         1                   0.04347826
    8                         1                   0.04347826
   10                         1                   0.04347826
   12                         1                   0.04347826
   13                         1                   0.04347826
   16                         1                   0.04347826
   17                         1                   0.04347826
   34                         1                   0.04347826

 Mean size of clusters in this frame    7.4347826086956523     


 Frame           38
    Nº molecules per Cluster Number of clusters   Probability
    1                         3                   0.13636364
    2                         1                   0.04545455
    3                         2                   0.09090909
    4                         4                   0.18181818
    5                         3                   0.13636364
    6                         2                   0.09090909
    8                         1                   0.04545455
   10                         1                   0.04545455
   12                         1                   0.04545455
   13                         1                   0.04545455
   16                         1                   0.04545455
   17                         1                   0.04545455
   41                         1                   0.04545455

 Mean size of clusters in this frame    7.7727272727272734     


 Frame           39
    Nº molecules per Cluster Number of clusters   Probability
    1                         3                   0.14285714
    3                         2                   0.09523810
    4                         4                   0.19047619
    5                         2                   0.09523810
    6                         2                   0.09523810
    7                         2                   0.09523810
    8                         1                   0.04761905
   10                         2                   0.09523810
   12                         1                   0.04761905
   16                         1                   0.04761905
   54                         1                   0.04761905

 Mean size of clusters in this frame    8.1428571428571423     


 Frame           40
    Nº molecules per Cluster Number of clusters   Probability
    1                         3                   0.14285714
    3                         2                   0.09523810
    4                         4                   0.19047619
    5                         2                   0.09523810
    6                         2                   0.09523810
    7                         1                   0.04761905
    8                         1                   0.04761905
   10                         2                   0.09523810
   11                         1                   0.04761905
   12                         1                   0.04761905
   16                         1                   0.04761905
   50                         1                   0.04761905

 Mean size of clusters in this frame    8.1428571428571423     


 Frame           41
    Nº molecules per Cluster Number of clusters   Probability
    1                         3                   0.14285714
    3                         2                   0.09523810
    4                         4                   0.19047619
    5                         2                   0.09523810
    6                         2                   0.09523810
    7                         1                   0.04761905
    8                         1                   0.04761905
   10                         2                   0.09523810
   11                         1                   0.04761905
   12                         1                   0.04761905
   16                         1                   0.04761905
   50                         1                   0.04761905

 Mean size of clusters in this frame    8.1428571428571423     


 Frame           42
    Nº molecules per Cluster Number of clusters   Probability
    1                         2                   0.10526316
    3                         2                   0.10526316
    4                         4                   0.21052632
    6                         2                   0.10526316
    7                         1                   0.05263158
    8                         1                   0.05263158
   10                         3                   0.15789474
   11                         1                   0.05263158
   12                         1                   0.05263158
   16                         1                   0.05263158
   51                         1                   0.05263158

 Mean size of clusters in this frame    9.0000000000000000     


 Frame           43
    Nº molecules per Cluster Number of clusters   Probability
    1                         1                   0.05263158
    3                         2                   0.10526316
    4                         4                   0.21052632
    6                         2                   0.10526316
    7                         1                   0.05263158
    8                         1                   0.05263158
   10                         3                   0.15789474
   11                         1                   0.05263158
   12                         1                   0.05263158
   13                         1                   0.05263158
   16                         1                   0.05263158
   39                         1                   0.05263158

 Mean size of clusters in this frame    9.0000000000000000     


 Frame           44
    Nº molecules per Cluster Number of clusters   Probability
    1                         1                   0.05882353
    3                         2                   0.11764706
    4                         4                   0.23529412
    6                         2                   0.11764706
   10                         2                   0.11764706
   11                         1                   0.05882353
   12                         1                   0.05882353
   13                         1                   0.05882353
   16                         1                   0.05882353
   25                         1                   0.05882353
   39                         1                   0.05882353

 Mean size of clusters in this frame    10.058823529411764     


 Frame           45
    Nº molecules per Cluster Number of clusters   Probability
    1                         1                   0.06250000
    3                         2                   0.12500000
    4                         4                   0.25000000
    6                         2                   0.12500000
   10                         2                   0.12500000
   11                         1                   0.06250000
   12                         1                   0.06250000
   16                         1                   0.06250000
   25                         1                   0.06250000
   52                         1                   0.06250000

 Mean size of clusters in this frame    10.687500000000000     


 Frame           46
    Nº molecules per Cluster Number of clusters   Probability
    1                         1                   0.06250000
    3                         2                   0.12500000
    4                         4                   0.25000000
    6                         2                   0.12500000
   10                         2                   0.12500000
   11                         1                   0.06250000
   12                         1                   0.06250000
   16                         1                   0.06250000
   25                         1                   0.06250000
   52                         1                   0.06250000

 Mean size of clusters in this frame    10.687500000000000     


 Frame           47
    Nº molecules per Cluster Number of clusters   Probability
    1                         1                   0.05882353
    3                         2                   0.11764706
    4                         4                   0.23529412
    6                         2                   0.11764706
    8                         1                   0.05882353
   10                         2                   0.11764706
   11                         1                   0.05882353
   12                         1                   0.05882353
   16                         1                   0.05882353
   17                         1                   0.05882353
   52                         1                   0.05882353

 Mean size of clusters in this frame    10.058823529411764     


 Frame           48
    Nº molecules per Cluster Number of clusters   Probability
    1                         1                   0.05882353
    3                         2                   0.11764706
    4                         4                   0.23529412
    6                         2                   0.11764706
    8                         1                   0.05882353
   10                         2                   0.11764706
   11                         1                   0.05882353
   12                         1                   0.05882353
   16                         1                   0.05882353
   17                         1                   0.05882353
   52                         1                   0.05882353

 Mean size of clusters in this frame    10.058823529411764     


 Frame           49
    Nº molecules per Cluster Number of clusters   Probability
    1                         1                   0.05882353
    3                         2                   0.11764706
    4                         4                   0.23529412
    6                         2                   0.11764706
    8                         1                   0.05882353
   10                         2                   0.11764706
   11                         1                   0.05882353
   12                         1                   0.05882353
   16                         1                   0.05882353
   17                         1                   0.05882353
   52                         1                   0.05882353

 Mean size of clusters in this frame    10.058823529411764     


 Frame           50
    Nº molecules per Cluster Number of clusters   Probability
    1                         1                   0.05882353
    3                         2                   0.11764706
    4                         4                   0.23529412
    6                         2                   0.11764706
    8                         1                   0.05882353
   10                         2                   0.11764706
   11                         1                   0.05882353
   12                         1                   0.05882353
   16                         1                   0.05882353
   17                         1                   0.05882353
   52                         1                   0.05882353

 Mean size of clusters in this frame    10.058823529411764     


 Frame           51
    Nº molecules per Cluster Number of clusters   Probability
    1                         1                   0.06666667
    3                         2                   0.13333333
    4                         4                   0.26666667
    6                         2                   0.13333333
   10                         2                   0.13333333
   11                         1                   0.06666667
   16                         1                   0.06666667
   37                         1                   0.06666667
   52                         1                   0.06666667

 Mean size of clusters in this frame    11.399999999999999     


 Frame           52
    Nº molecules per Cluster Number of clusters   Probability
    1                         2                   0.12500000
    3                         2                   0.12500000
    4                         4                   0.25000000
    6                         2                   0.12500000
   10                         2                   0.12500000
   11                         1                   0.06250000
   16                         1                   0.06250000
   24                         1                   0.06250000
   64                         1                   0.06250000

 Mean size of clusters in this frame    10.687500000000000     


 Frame           53
    Nº molecules per Cluster Number of clusters   Probability
    1                         2                   0.12500000
    3                         1                   0.06250000
    4                         4                   0.25000000
    5                         1                   0.06250000
    6                         2                   0.12500000
   10                         1                   0.06250000
   11                         2                   0.12500000
   13                         1                   0.06250000
   24                         1                   0.06250000
   64                         1                   0.06250000

 Mean size of clusters in this frame    10.687500000000000     


 Frame           54
    Nº molecules per Cluster Number of clusters   Probability
    1                         1                   0.07142857
    3                         1                   0.07142857
    4                         3                   0.21428571
    6                         2                   0.14285714
   10                         1                   0.07142857
   11                         1                   0.07142857
   12                         1                   0.07142857
   13                         1                   0.07142857
   20                         1                   0.07142857
   25                         1                   0.07142857
   52                         1                   0.07142857

 Mean size of clusters in this frame    12.214285714285714     


 Frame           55
    Nº molecules per Cluster Number of clusters   Probability
    1                         1                   0.06666667
    3                         1                   0.06666667
    4                         3                   0.20000000
    6                         1                   0.06666667
    9                         1                   0.06666667
   10                         1                   0.06666667
   11                         3                   0.20000000
   12                         1                   0.06666667
   19                         1                   0.06666667
   25                         1                   0.06666667
   41                         1                   0.06666667

 Mean size of clusters in this frame    11.399999999999999     


 Frame           56
    Nº molecules per Cluster Number of clusters   Probability
    1                         1                   0.07692308
    3                         1                   0.07692308
    4                         2                   0.15384615
    6                         1                   0.07692308
    9                         1                   0.07692308
   10                         1                   0.07692308
   11                         2                   0.15384615
   12                         1                   0.07692308
   23                         1                   0.07692308
   25                         1                   0.07692308
   52                         1                   0.07692308

 Mean size of clusters in this frame    13.153846153846153     


 Frame           57
    Nº molecules per Cluster Number of clusters   Probability
    1                         1                   0.09090909
    3                         1                   0.09090909
    4                         2                   0.18181818
    6                         1                   0.09090909
    9                         1                   0.09090909
   10                         1                   0.09090909
   11                         2                   0.18181818
   12                         1                   0.09090909
  100                         1                   0.09090909

 Mean size of clusters in this frame    15.545454545454547     


 Frame           58
    Nº molecules per Cluster Number of clusters   Probability
    1                         1                   0.09090909
    3                         1                   0.09090909
    4                         2                   0.18181818
    6                         1                   0.09090909
    9                         1                   0.09090909
   11                         2                   0.18181818
   12                         1                   0.09090909
   37                         1                   0.09090909
   73                         1                   0.09090909

 Mean size of clusters in this frame    15.545454545454547     


 Frame           59
    Nº molecules per Cluster Number of clusters   Probability
    1                         2                   0.14285714
    3                         1                   0.07142857
    4                         2                   0.14285714
    6                         1                   0.07142857
    9                         1                   0.07142857
   10                         1                   0.07142857
   11                         3                   0.21428571
   12                         1                   0.07142857
   36                         1                   0.07142857
   52                         1                   0.07142857

 Mean size of clusters in this frame    12.214285714285714     


 Frame           60
    Nº molecules per Cluster Number of clusters   Probability
    1                         1                   0.08333333
    3                         1                   0.08333333
    4                         2                   0.16666667
    6                         1                   0.08333333
    9                         1                   0.08333333
   10                         1                   0.08333333
   11                         2                   0.16666667
   23                         1                   0.08333333
   37                         1                   0.08333333
   52                         1                   0.08333333

 Mean size of clusters in this frame    14.249999999999996     


 Frame           61
    Nº molecules per Cluster Number of clusters   Probability
    1                         1                   0.08333333
    3                         1                   0.08333333
    4                         2                   0.16666667
    6                         1                   0.08333333
    9                         1                   0.08333333
   10                         1                   0.08333333
   11                         2                   0.16666667
   23                         1                   0.08333333
   37                         1                   0.08333333
   52                         1                   0.08333333

 Mean size of clusters in this frame    14.249999999999996     


 Frame           62
    Nº molecules per Cluster Number of clusters   Probability
    1                         1                   0.08333333
    3                         1                   0.08333333
    4                         2                   0.16666667
    6                         1                   0.08333333
    9                         1                   0.08333333
   10                         1                   0.08333333
   11                         2                   0.16666667
   23                         1                   0.08333333
   37                         1                   0.08333333
   52                         1                   0.08333333

 Mean size of clusters in this frame    14.249999999999996     


 Frame           63
    Nº molecules per Cluster Number of clusters   Probability
    1                         1                   0.08333333
    3                         1                   0.08333333
    4                         2                   0.16666667
    6                         1                   0.08333333
    9                         1                   0.08333333
   10                         1                   0.08333333
   11                         2                   0.16666667
   23                         1                   0.08333333
   37                         1                   0.08333333
   52                         1                   0.08333333

 Mean size of clusters in this frame    14.249999999999996     


 Frame           64
    Nº molecules per Cluster Number of clusters   Probability
    1                         1                   0.08333333
    3                         1                   0.08333333
    4                         2                   0.16666667
    6                         1                   0.08333333
    9                         1                   0.08333333
   10                         1                   0.08333333
   11                         2                   0.16666667
   23                         1                   0.08333333
   37                         1                   0.08333333
   52                         1                   0.08333333

 Mean size of clusters in this frame    14.249999999999996     


 Frame           65
    Nº molecules per Cluster Number of clusters   Probability
    1                         1                   0.08333333
    3                         1                   0.08333333
    4                         2                   0.16666667
    6                         1                   0.08333333
    9                         1                   0.08333333
   10                         1                   0.08333333
   11                         2                   0.16666667
   23                         1                   0.08333333
   37                         1                   0.08333333
   52                         1                   0.08333333

 Mean size of clusters in this frame    14.249999999999996     


 Frame           66
    Nº molecules per Cluster Number of clusters   Probability
    1                         1                   0.11111111
    3                         1                   0.11111111
    4                         1                   0.11111111
   10                         2                   0.22222222
   20                         1                   0.11111111
   23                         1                   0.11111111
   37                         1                   0.11111111
   63                         1                   0.11111111

 Mean size of clusters in this frame    19.000000000000000     


 Frame           67
    Nº molecules per Cluster Number of clusters   Probability
    1                         1                   0.09090909
    3                         1                   0.09090909
    4                         2                   0.18181818
    6                         1                   0.09090909
   10                         1                   0.09090909
   11                         1                   0.09090909
   20                         1                   0.09090909
   23                         1                   0.09090909
   37                         1                   0.09090909
   52                         1                   0.09090909

 Mean size of clusters in this frame    15.545454545454547     


 Frame           68
    Nº molecules per Cluster Number of clusters   Probability
    1                         1                   0.12500000
    4                         1                   0.12500000
   10                         2                   0.25000000
   11                         1                   0.12500000
   20                         1                   0.12500000
   23                         1                   0.12500000
   92                         1                   0.12500000

 Mean size of clusters in this frame    21.375000000000000     


 Frame           69
    Nº molecules per Cluster Number of clusters   Probability
    1                         1                   0.09090909
    4                         2                   0.18181818
    6                         1                   0.09090909
   10                         1                   0.09090909
   11                         2                   0.18181818
   20                         1                   0.09090909
   23                         1                   0.09090909
   40                         1                   0.09090909
   41                         1                   0.09090909

 Mean size of clusters in this frame    15.545454545454547     


 Frame           70
    Nº molecules per Cluster Number of clusters   Probability
    1                         1                   0.09090909
    4                         2                   0.18181818
    6                         1                   0.09090909
   10                         1                   0.09090909
   11                         2                   0.18181818
   20                         1                   0.09090909
   23                         1                   0.09090909
   40                         1                   0.09090909
   41                         1                   0.09090909

 Mean size of clusters in this frame    15.545454545454547     


 Frame           71
    Nº molecules per Cluster Number of clusters   Probability
    1                         1                   0.08333333
    4                         2                   0.16666667
    6                         1                   0.08333333
   10                         2                   0.16666667
   11                         2                   0.16666667
   20                         1                   0.08333333
   23                         1                   0.08333333
   31                         1                   0.08333333
   40                         1                   0.08333333

 Mean size of clusters in this frame    14.249999999999996     


 Frame           72
    Nº molecules per Cluster Number of clusters   Probability
    1                         1                   0.10000000
    4                         2                   0.20000000
    6                         1                   0.10000000
   10                         1                   0.10000000
   20                         1                   0.10000000
   21                         1                   0.10000000
   23                         1                   0.10000000
   40                         1                   0.10000000
   42                         1                   0.10000000

 Mean size of clusters in this frame    17.100000000000001     


 Frame           73
    Nº molecules per Cluster Number of clusters   Probability
    1                         1                   0.09090909
    4                         2                   0.18181818
    6                         1                   0.09090909
   10                         2                   0.18181818
   11                         1                   0.09090909
   20                         1                   0.09090909
   23                         1                   0.09090909
   40                         1                   0.09090909
   42                         1                   0.09090909

 Mean size of clusters in this frame    15.545454545454545     


 Frame           74
    Nº molecules per Cluster Number of clusters   Probability
    1                         1                   0.09090909
    4                         2                   0.18181818
    6                         1                   0.09090909
   10                         2                   0.18181818
   11                         1                   0.09090909
   20                         1                   0.09090909
   23                         1                   0.09090909
   40                         1                   0.09090909
   42                         1                   0.09090909

 Mean size of clusters in this frame    15.545454545454545     


 Frame           75
    Nº molecules per Cluster Number of clusters   Probability
    1                         1                   0.08333333
    4                         2                   0.16666667
    6                         1                   0.08333333
   10                         2                   0.16666667
   11                         2                   0.16666667
   20                         1                   0.08333333
   23                         1                   0.08333333
   31                         1                   0.08333333
   40                         1                   0.08333333

 Mean size of clusters in this frame    14.249999999999996     


 Frame           76
    Nº molecules per Cluster Number of clusters   Probability
    1                         1                   0.09090909
    4                         2                   0.18181818
    6                         1                   0.09090909
   10                         2                   0.18181818
   11                         1                   0.09090909
   20                         1                   0.09090909
   23                         1                   0.09090909
   40                         1                   0.09090909
   42                         1                   0.09090909

 Mean size of clusters in this frame    15.545454545454545     


 Frame           77
    Nº molecules per Cluster Number of clusters   Probability
    1                         1                   0.09090909
    4                         2                   0.18181818
    6                         1                   0.09090909
   10                         2                   0.18181818
   11                         1                   0.09090909
   20                         1                   0.09090909
   23                         1                   0.09090909
   40                         1                   0.09090909
   42                         1                   0.09090909

 Mean size of clusters in this frame    15.545454545454545     


 Frame           78
    Nº molecules per Cluster Number of clusters   Probability
    1                         1                   0.09090909
    4                         2                   0.18181818
    6                         1                   0.09090909
   10                         2                   0.18181818
   11                         1                   0.09090909
   20                         1                   0.09090909
   23                         1                   0.09090909
   40                         1                   0.09090909
   42                         1                   0.09090909

 Mean size of clusters in this frame    15.545454545454545     


 Frame           79
    Nº molecules per Cluster Number of clusters   Probability
    1                         1                   0.09090909
    4                         2                   0.18181818
    6                         1                   0.09090909
   10                         2                   0.18181818
   11                         1                   0.09090909
   20                         1                   0.09090909
   23                         1                   0.09090909
   40                         1                   0.09090909
   42                         1                   0.09090909

 Mean size of clusters in this frame    15.545454545454545     


 Frame           80
    Nº molecules per Cluster Number of clusters   Probability
    4                         2                   0.20000000
    6                         1                   0.10000000
   10                         2                   0.20000000
   11                         1                   0.10000000
   20                         1                   0.10000000
   23                         1                   0.10000000
   40                         1                   0.10000000
   43                         1                   0.10000000

 Mean size of clusters in this frame    17.100000000000001     


 Frame           81
    Nº molecules per Cluster Number of clusters   Probability
    4                         2                   0.20000000
    6                         1                   0.10000000
   10                         2                   0.20000000
   11                         1                   0.10000000
   20                         1                   0.10000000
   23                         1                   0.10000000
   40                         1                   0.10000000
   43                         1                   0.10000000

 Mean size of clusters in this frame    17.100000000000001     


 Frame           82
    Nº molecules per Cluster Number of clusters   Probability
    4                         2                   0.20000000
    6                         1                   0.10000000
   10                         2                   0.20000000
   11                         1                   0.10000000
   20                         1                   0.10000000
   23                         1                   0.10000000
   40                         1                   0.10000000
   43                         1                   0.10000000

 Mean size of clusters in this frame    17.100000000000001     


 Frame           83
    Nº molecules per Cluster Number of clusters   Probability
    4                         1                   0.11111111
   10                         3                   0.33333333
   11                         1                   0.11111111
   20                         1                   0.11111111
   23                         1                   0.11111111
   40                         1                   0.11111111
   43                         1                   0.11111111

 Mean size of clusters in this frame    19.000000000000000     


 Frame           84
    Nº molecules per Cluster Number of clusters   Probability
    4                         2                   0.20000000
    6                         1                   0.10000000
   10                         2                   0.20000000
   11                         1                   0.10000000
   20                         1                   0.10000000
   23                         1                   0.10000000
   40                         1                   0.10000000
   43                         1                   0.10000000

 Mean size of clusters in this frame    17.100000000000001     


 Frame           85
    Nº molecules per Cluster Number of clusters   Probability
    4                         2                   0.20000000
    6                         1                   0.10000000
   10                         2                   0.20000000
   11                         1                   0.10000000
   20                         1                   0.10000000
   23                         1                   0.10000000
   40                         1                   0.10000000
   43                         1                   0.10000000

 Mean size of clusters in this frame    17.100000000000001     


 Frame           86
    Nº molecules per Cluster Number of clusters   Probability
    4                         2                   0.16666667
    6                         1                   0.08333333
    8                         1                   0.08333333
    9                         1                   0.08333333
   10                         2                   0.16666667
   11                         2                   0.16666667
   23                         1                   0.08333333
   35                         1                   0.08333333
   40                         1                   0.08333333

 Mean size of clusters in this frame    14.250000000000000     


 Frame           87
    Nº molecules per Cluster Number of clusters   Probability
    4                         2                   0.20000000
    6                         1                   0.10000000
    9                         1                   0.10000000
   10                         2                   0.20000000
   11                         1                   0.10000000
   34                         1                   0.10000000
   35                         1                   0.10000000
   48                         1                   0.10000000

 Mean size of clusters in this frame    17.100000000000001     


 Frame           88
    Nº molecules per Cluster Number of clusters   Probability
    4                         2                   0.16666667
    6                         1                   0.08333333
    9                         2                   0.16666667
   10                         2                   0.16666667
   11                         2                   0.16666667
   14                         1                   0.08333333
   40                         1                   0.08333333
   43                         1                   0.08333333

 Mean size of clusters in this frame    14.249999999999996     


 Frame           89
    Nº molecules per Cluster Number of clusters   Probability
    4                         2                   0.18181818
    6                         1                   0.09090909
    9                         1                   0.09090909
   10                         2                   0.18181818
   11                         2                   0.18181818
   23                         1                   0.09090909
   40                         1                   0.09090909
   43                         1                   0.09090909

 Mean size of clusters in this frame    15.545454545454547     


 Frame           90
    Nº molecules per Cluster Number of clusters   Probability
    4                         2                   0.18181818
    6                         1                   0.09090909
    9                         1                   0.09090909
   10                         2                   0.18181818
   11                         2                   0.18181818
   23                         1                   0.09090909
   40                         1                   0.09090909
   43                         1                   0.09090909

 Mean size of clusters in this frame    15.545454545454547     


 Frame           91
    Nº molecules per Cluster Number of clusters   Probability
    4                         2                   0.18181818
    6                         1                   0.09090909
    9                         1                   0.09090909
   10                         2                   0.18181818
   11                         2                   0.18181818
   23                         1                   0.09090909
   40                         1                   0.09090909
   43                         1                   0.09090909

 Mean size of clusters in this frame    15.545454545454547     


 Frame           92
    Nº molecules per Cluster Number of clusters   Probability
    4                         2                   0.18181818
    6                         1                   0.09090909
    9                         1                   0.09090909
   10                         2                   0.18181818
   11                         2                   0.18181818
   23                         1                   0.09090909
   40                         1                   0.09090909
   43                         1                   0.09090909

 Mean size of clusters in this frame    15.545454545454547     


 Frame           93
    Nº molecules per Cluster Number of clusters   Probability
    4                         2                   0.18181818
    6                         1                   0.09090909
    9                         1                   0.09090909
   10                         2                   0.18181818
   11                         2                   0.18181818
   23                         1                   0.09090909
   40                         1                   0.09090909
   43                         1                   0.09090909

 Mean size of clusters in this frame    15.545454545454547     


 Frame           94
    Nº molecules per Cluster Number of clusters   Probability
    4                         2                   0.18181818
    6                         1                   0.09090909
    9                         1                   0.09090909
   10                         2                   0.18181818
   11                         2                   0.18181818
   23                         1                   0.09090909
   40                         1                   0.09090909
   43                         1                   0.09090909

 Mean size of clusters in this frame    15.545454545454547     


 Frame           95
    Nº molecules per Cluster Number of clusters   Probability
    4                         2                   0.18181818
    6                         1                   0.09090909
    9                         1                   0.09090909
   10                         2                   0.18181818
   11                         2                   0.18181818
   23                         1                   0.09090909
   35                         1                   0.09090909
   48                         1                   0.09090909

 Mean size of clusters in this frame    15.545454545454545     


 Frame           96
    Nº molecules per Cluster Number of clusters   Probability
    4                         2                   0.20000000
    6                         1                   0.10000000
    9                         1                   0.10000000
   10                         2                   0.20000000
   11                         2                   0.20000000
   23                         1                   0.10000000
   83                         1                   0.10000000

 Mean size of clusters in this frame    17.100000000000001     


 Frame           97
    Nº molecules per Cluster Number of clusters   Probability
    4                         2                   0.18181818
    9                         1                   0.09090909
   10                         2                   0.18181818
   11                         3                   0.27272727
   12                         1                   0.09090909
   40                         1                   0.09090909
   49                         1                   0.09090909

 Mean size of clusters in this frame    15.545454545454545     


 Frame           98
    Nº molecules per Cluster Number of clusters   Probability
    4                         2                   0.20000000
    9                         1                   0.10000000
   10                         2                   0.20000000
   11                         3                   0.30000000
   12                         1                   0.10000000
   89                         1                   0.10000000

 Mean size of clusters in this frame    17.100000000000001     


 Frame           99
    Nº molecules per Cluster Number of clusters   Probability
    4                         2                   0.18181818
    9                         1                   0.09090909
   10                         2                   0.18181818
   11                         3                   0.27272727
   12                         1                   0.09090909
   40                         1                   0.09090909
   49                         1                   0.09090909

 Mean size of clusters in this frame    15.545454545454545     


 Frame          100
    Nº molecules per Cluster Number of clusters   Probability
    4                         2                   0.18181818
    9                         1                   0.09090909
   10                         2                   0.18181818
   11                         3                   0.27272727
   12                         1                   0.09090909
   40                         1                   0.09090909
   49                         1                   0.09090909

 Mean size of clusters in this frame    15.545454545454545     


 Frame          101
    Nº molecules per Cluster Number of clusters   Probability
    4                         2                   0.20000000
    9                         1                   0.10000000
   10                         1                   0.10000000
   11                         2                   0.20000000
   12                         1                   0.10000000
   21                         1                   0.10000000
   40                         1                   0.10000000
   49                         1                   0.10000000

 Mean size of clusters in this frame    17.100000000000001     


